Arguments: 
  D:\Programas instalados\Node 14.17.5 LTS\node.exe C:\Users\acjc_\AppData\Roaming\npm\node_modules\yarn\bin\yarn.js install

PATH: 
  C:\Users\acjc_\bin;C:\Program Files\Git\mingw64\bin;C:\Program Files\Git\usr\local\bin;C:\Program Files\Git\usr\bin;C:\Program Files\Git\usr\bin;C:\Program Files\Git\mingw64\bin;C:\Program Files\Git\usr\bin;C:\Users\acjc_\bin;C:\Python311\Scripts;C:\Python311;C:\Program Files (x86)\Intel\iCLS Client;C:\Program Files\Intel\iCLS Client;C:\Windows\system32;C:\Windows;C:\Windows\System32\Wbem;C:\Windows\System32\WindowsPowerShell\v1.0;C:\Program Files (x86)\Intel\Intel(R) Management Engine Components\DAL;C:\Program Files\Intel\Intel(R) Management Engine Components\DAL;C:\Program Files (x86)\Intel\Intel(R) Management Engine Components\IPT;C:\Program Files\Intel\Intel(R) Management Engine Components\IPT;C:\Program Files\Intel\WiFi\bin;C:\Program Files\Common Files\Intel\WirelessCommon;C:\WINDOWS\system32;C:\WINDOWS;C:\WINDOWS\System32\Wbem;C:\WINDOWS\System32\WindowsPowerShell\v1.0;C:\WINDOWS\System32\OpenSSH;C:\Program Files\Microsoft SQL Server\120\Tools\Binn;C:\Program Files\Git\cmd;C:\Program Files (x86)\IVI Foundation\VISA\WinNT\Bin;C:\Program Files (x86)\dotnet;D:\Programas instalados\MATLAB\R2017b\runtime\win64;D:\Programas instalados\MATLAB\R2017b\bin;D:\Programas instalados\Putty 0.76;C:\Program Files\Microsoft SQL Server\Client SDK\ODBC\170\Tools\Binn;C:\Program Files (x86)\Microsoft SQL Server\150\Tools\Binn;C:\Program Files\Microsoft SQL Server\150\Tools\Binn;C:\Program Files\Microsoft SQL Server\150\DTS\Binn;C:\Program Files (x86)\Microsoft SQL Server\150\DTS\Binn;C:\Program Files\Azure Data Studio\bin;C:\Program Files\NVIDIA Corporation\NVIDIA NvDLISR;D:\Programas instalados\Node 14.17.5 LTS;C:\ProgramData\chocolatey\bin;C:\Program Files\Docker\Docker\resources\bin;C:\Users\acjc_\AppData\Local\Programs\Python\Python310\Scripts;C:\Users\acjc_\AppData\Local\Programs\Python\Python310;C:\Users\acjc_\AppData\Local\Microsoft\WindowsApps;C:\Users\acjc_\AppData\Local\Programs\Microsoft VS Code\bin;C:\Users\acjc_\AppData\Local\atom\bin;D:\Programas instalados\Dart 2.10.5\dart-sdk\bin;D:\Programas instalados\Flutter_windows_1.22.6-stable\src\flutter\bin;C:\xampp\php;C:\Program Files\JetBrains\PyCharm Community Edition 2021.3.2\bin;C:\Program Files\Azure Data Studio\bin;C:\Program Files\heroku\bin;C:\Users\acjc_\AppData\Roaming\npm;C:\Program Files\Git\usr\bin\vendor_perl;C:\Program Files\Git\usr\bin\core_perl

Yarn version: 
  1.22.19

Node version: 
  18.13.0

Platform: 
  win32 x64

Trace: 
  Error: EPERM: operation not permitted, unlink 'D:\Archivos\Documentos\Cursos\Udemy\Web Development\CleanCode\code\CleanSolid\node_modules\esbuild-windows-64\esbuild.exe'

npm manifest: 
  {
    "name": "solid",
    "private": true,
    "version": "0.0.0",
    "scripts": {
      "dev": "vite",
      "build": "tsc && vite build",
      "preview": "vite preview"
    },
    "devDependencies": {
      "typescript": "^4.5.4",
      "vite": "^2.8.0"
    },
    "dependencies": {}
  }

yarn manifest: 
  No manifest

Lockfile: 
  No lockfile
